
> puskesmas-frontend@1.0.0 dev
> vite

[33mThe CJS build of Vite's Node API is deprecated. See https://vite.dev/guide/troubleshooting.html#vite-cjs-node-api-deprecated for more details.[39m

  VITE v5.4.21  ready in 272 ms

  ➜  Local:   http://localhost:3000/
  ➜  Network: use --host to expose
9:40:24 PM [vite] Pre-transform error: /mnt/windows/File tugas/Semester 5/lainnya/TRO/Puskesmas/frontend/src/pages/Transaksi/TransaksiList.tsx: Unterminated JSX contents. (338:10)

  336 |         </div>
  337 |       </div>
> 338 |     </div>
      |           ^
  339 |   );
  340 | };
  341 |
9:40:24 PM [vite] Internal server error: /mnt/windows/File tugas/Semester 5/lainnya/TRO/Puskesmas/frontend/src/pages/Transaksi/TransaksiList.tsx: Unterminated JSX contents. (338:10)

  336 |         </div>
  337 |       </div>
> 338 |     </div>
      |           ^
  339 |   );
  340 | };
  341 |
  Plugin: vite:react-babel
  File: /mnt/windows/File tugas/Semester 5/lainnya/TRO/Puskesmas/frontend/src/pages/Transaksi/TransaksiList.tsx:338:10
  336|          </div>
  337|        </div>
  338|      </div>
     |            ^
  339|    );
  340|  };
      at constructor (/mnt/windows/File tugas/Semester 5/lainnya/TRO/Puskesmas/frontend/node_modules/@babel/parser/lib/index.js:367:19)
      at TypeScriptParserMixin.raise (/mnt/windows/File tugas/Semester 5/lainnya/TRO/Puskesmas/frontend/node_modules/@babel/parser/lib/index.js:6624:19)
      at TypeScriptParserMixin.jsxReadToken (/mnt/windows/File tugas/Semester 5/lainnya/TRO/Puskesmas/frontend/node_modules/@babel/parser/lib/index.js:4477:20)
      at TypeScriptParserMixin.getTokenFromCode (/mnt/windows/File tugas/Semester 5/lainnya/TRO/Puskesmas/frontend/node_modules/@babel/parser/lib/index.js:4803:12)
      at TypeScriptParserMixin.getTokenFromCode (/mnt/windows/File tugas/Semester 5/lainnya/TRO/Puskesmas/frontend/node_modules/@babel/parser/lib/index.js:10042:11)
      at TypeScriptParserMixin.nextToken (/mnt/windows/File tugas/Semester 5/lainnya/TRO/Puskesmas/frontend/node_modules/@babel/parser/lib/index.js:5807:10)
      at TypeScriptParserMixin.next (/mnt/windows/File tugas/Semester 5/lainnya/TRO/Puskesmas/frontend/node_modules/@babel/parser/lib/index.js:5717:10)
      at TypeScriptParserMixin.eat (/mnt/windows/File tugas/Semester 5/lainnya/TRO/Puskesmas/frontend/node_modules/@babel/parser/lib/index.js:5721:12)
      at TypeScriptParserMixin.expect (/mnt/windows/File tugas/Semester 5/lainnya/TRO/Puskesmas/frontend/node_modules/@babel/parser/lib/index.js:6923:15)
      at TypeScriptParserMixin.jsxParseClosingElementAt (/mnt/windows/File tugas/Semester 5/lainnya/TRO/Puskesmas/frontend/node_modules/@babel/parser/lib/index.js:4709:10)
      at TypeScriptParserMixin.jsxParseElementAt (/mnt/windows/File tugas/Semester 5/lainnya/TRO/Puskesmas/frontend/node_modules/@babel/parser/lib/index.js:4724:37)
      at TypeScriptParserMixin.jsxParseElementAt (/mnt/windows/File tugas/Semester 5/lainnya/TRO/Puskesmas/frontend/node_modules/@babel/parser/lib/index.js:4727:32)
      at TypeScriptParserMixin.jsxParseElement (/mnt/windows/File tugas/Semester 5/lainnya/TRO/Puskesmas/frontend/node_modules/@babel/parser/lib/index.js:4778:17)
      at TypeScriptParserMixin.parseExprAtom (/mnt/windows/File tugas/Semester 5/lainnya/TRO/Puskesmas/frontend/node_modules/@babel/parser/lib/index.js:4788:19)
      at TypeScriptParserMixin.parseExprSubscripts (/mnt/windows/File tugas/Semester 5/lainnya/TRO/Puskesmas/frontend/node_modules/@babel/parser/lib/index.js:11145:23)
      at TypeScriptParserMixin.parseUpdate (/mnt/windows/File tugas/Semester 5/lainnya/TRO/Puskesmas/frontend/node_modules/@babel/parser/lib/index.js:11130:21)
      at TypeScriptParserMixin.parseMaybeUnary (/mnt/windows/File tugas/Semester 5/lainnya/TRO/Puskesmas/frontend/node_modules/@babel/parser/lib/index.js:11110:23)
      at TypeScriptParserMixin.parseMaybeUnary (/mnt/windows/File tugas/Semester 5/lainnya/TRO/Puskesmas/frontend/node_modules/@babel/parser/lib/index.js:9890:18)
      at TypeScriptParserMixin.parseMaybeUnaryOrPrivate (/mnt/windows/File tugas/Semester 5/lainnya/TRO/Puskesmas/frontend/node_modules/@babel/parser/lib/index.js:10963:61)
      at TypeScriptParserMixin.parseExprOps (/mnt/windows/File tugas/Semester 5/lainnya/TRO/Puskesmas/frontend/node_modules/@babel/parser/lib/index.js:10968:23)
      at TypeScriptParserMixin.parseMaybeConditional (/mnt/windows/File tugas/Semester 5/lainnya/TRO/Puskesmas/frontend/node_modules/@babel/parser/lib/index.js:10945:23)
      at TypeScriptParserMixin.parseMaybeAssign (/mnt/windows/File tugas/Semester 5/lainnya/TRO/Puskesmas/frontend/node_modules/@babel/parser/lib/index.js:10895:21)
      at /mnt/windows/File tugas/Semester 5/lainnya/TRO/Puskesmas/frontend/node_modules/@babel/parser/lib/index.js:9828:39
      at TypeScriptParserMixin.tryParse (/mnt/windows/File tugas/Semester 5/lainnya/TRO/Puskesmas/frontend/node_modules/@babel/parser/lib/index.js:6932:20)
      at TypeScriptParserMixin.parseMaybeAssign (/mnt/windows/File tugas/Semester 5/lainnya/TRO/Puskesmas/frontend/node_modules/@babel/parser/lib/index.js:9828:18)
      at /mnt/windows/File tugas/Semester 5/lainnya/TRO/Puskesmas/frontend/node_modules/@babel/parser/lib/index.js:10864:39
      at TypeScriptParserMixin.allowInAnd (/mnt/windows/File tugas/Semester 5/lainnya/TRO/Puskesmas/frontend/node_modules/@babel/parser/lib/index.js:12500:12)
      at TypeScriptParserMixin.parseMaybeAssignAllowIn (/mnt/windows/File tugas/Semester 5/lainnya/TRO/Puskesmas/frontend/node_modules/@babel/parser/lib/index.js:10864:17)
      at TypeScriptParserMixin.parseMaybeAssignAllowInOrVoidPattern (/mnt/windows/File tugas/Semester 5/lainnya/TRO/Puskesmas/frontend/node_modules/@babel/parser/lib/index.js:12567:17)
      at TypeScriptParserMixin.parseParenAndDistinguishExpression (/mnt/windows/File tugas/Semester 5/lainnya/TRO/Puskesmas/frontend/node_modules/@babel/parser/lib/index.js:11747:28)
      at TypeScriptParserMixin.parseExprAtom (/mnt/windows/File tugas/Semester 5/lainnya/TRO/Puskesmas/frontend/node_modules/@babel/parser/lib/index.js:11395:23)
      at TypeScriptParserMixin.parseExprAtom (/mnt/windows/File tugas/Semester 5/lainnya/TRO/Puskesmas/frontend/node_modules/@babel/parser/lib/index.js:4793:20)
      at TypeScriptParserMixin.parseExprSubscripts (/mnt/windows/File tugas/Semester 5/lainnya/TRO/Puskesmas/frontend/node_modules/@babel/parser/lib/index.js:11145:23)
      at TypeScriptParserMixin.parseUpdate (/mnt/windows/File tugas/Semester 5/lainnya/TRO/Puskesmas/frontend/node_modules/@babel/parser/lib/index.js:11130:21)
      at TypeScriptParserMixin.parseMaybeUnary (/mnt/windows/File tugas/Semester 5/lainnya/TRO/Puskesmas/frontend/node_modules/@babel/parser/lib/index.js:11110:23)
      at TypeScriptParserMixin.parseMaybeUnary (/mnt/windows/File tugas/Semester 5/lainnya/TRO/Puskesmas/frontend/node_modules/@babel/parser/lib/index.js:9890:18)
      at TypeScriptParserMixin.parseMaybeUnaryOrPrivate (/mnt/windows/File tugas/Semester 5/lainnya/TRO/Puskesmas/frontend/node_modules/@babel/parser/lib/index.js:10963:61)
      at TypeScriptParserMixin.parseExprOps (/mnt/windows/File tugas/Semester 5/lainnya/TRO/Puskesmas/frontend/node_modules/@babel/parser/lib/index.js:10968:23)
      at TypeScriptParserMixin.parseMaybeConditional (/mnt/windows/File tugas/Semester 5/lainnya/TRO/Puskesmas/frontend/node_modules/@babel/parser/lib/index.js:10945:23)
      at TypeScriptParserMixin.parseMaybeAssign (/mnt/windows/File tugas/Semester 5/lainnya/TRO/Puskesmas/frontend/node_modules/@babel/parser/lib/index.js:10895:21)
      at TypeScriptParserMixin.parseMaybeAssign (/mnt/windows/File tugas/Semester 5/lainnya/TRO/Puskesmas/frontend/node_modules/@babel/parser/lib/index.js:9839:20)
      at TypeScriptParserMixin.parseExpressionBase (/mnt/windows/File tugas/Semester 5/lainnya/TRO/Puskesmas/frontend/node_modules/@babel/parser/lib/index.js:10848:23)
      at /mnt/windows/File tugas/Semester 5/lainnya/TRO/Puskesmas/frontend/node_modules/@babel/parser/lib/index.js:10844:39
      at TypeScriptParserMixin.allowInAnd (/mnt/windows/File tugas/Semester 5/lainnya/TRO/Puskesmas/frontend/node_modules/@babel/parser/lib/index.js:12495:16)
      at TypeScriptParserMixin.parseExpression (/mnt/windows/File tugas/Semester 5/lainnya/TRO/Puskesmas/frontend/node_modules/@babel/parser/lib/index.js:10844:17)
      at TypeScriptParserMixin.parseReturnStatement (/mnt/windows/File tugas/Semester 5/lainnya/TRO/Puskesmas/frontend/node_modules/@babel/parser/lib/index.js:13218:28)
      at TypeScriptParserMixin.parseStatementContent (/mnt/windows/File tugas/Semester 5/lainnya/TRO/Puskesmas/frontend/node_modules/@babel/parser/lib/index.js:12874:21)
      at TypeScriptParserMixin.parseStatementContent (/mnt/windows/File tugas/Semester 5/lainnya/TRO/Puskesmas/frontend/node_modules/@babel/parser/lib/index.js:9569:18)
      at TypeScriptParserMixin.parseStatementLike (/mnt/windows/File tugas/Semester 5/lainnya/TRO/Puskesmas/frontend/node_modules/@babel/parser/lib/index.js:12843:17)
      at TypeScriptParserMixin.parseStatementListItem (/mnt/windows/File tugas/Semester 5/lainnya/TRO/Puskesmas/frontend/node_modules/@babel/parser/lib/index.js:12823:17)
9:43:00 PM [vite] hmr update /src/pages/Dashboard.tsx, /src/pages/Pasien/PasienList.tsx, /src/pages/Kunjungan/KunjunganList.tsx, /src/pages/Obat/ObatList.tsx, /src/components/Navbar.tsx
9:43:00 PM [vite] Pre-transform error: /mnt/windows/File tugas/Semester 5/lainnya/TRO/Puskesmas/frontend/src/pages/Transaksi/TransaksiList.tsx: Unterminated JSX contents. (338:10)

  336 |         </div>
  337 |       </div>
> 338 |     </div>
      |           ^
  339 |   );
  340 | };
  341 |
9:43:00 PM [vite] Internal server error: /mnt/windows/File tugas/Semester 5/lainnya/TRO/Puskesmas/frontend/src/pages/Transaksi/TransaksiList.tsx: Unterminated JSX contents. (338:10)

  336 |         </div>
  337 |       </div>
> 338 |     </div>
      |           ^
  339 |   );
  340 | };
  341 |
  Plugin: vite:react-babel
  File: /mnt/windows/File tugas/Semester 5/lainnya/TRO/Puskesmas/frontend/src/pages/Transaksi/TransaksiList.tsx:338:10
  336|          </div>
  337|        </div>
  338|      </div>
     |            ^
  339|    );
  340|  };
      at constructor (/mnt/windows/File tugas/Semester 5/lainnya/TRO/Puskesmas/frontend/node_modules/@babel/parser/lib/index.js:367:19)
      at TypeScriptParserMixin.raise (/mnt/windows/File tugas/Semester 5/lainnya/TRO/Puskesmas/frontend/node_modules/@babel/parser/lib/index.js:6624:19)
      at TypeScriptParserMixin.jsxReadToken (/mnt/windows/File tugas/Semester 5/lainnya/TRO/Puskesmas/frontend/node_modules/@babel/parser/lib/index.js:4477:20)
      at TypeScriptParserMixin.getTokenFromCode (/mnt/windows/File tugas/Semester 5/lainnya/TRO/Puskesmas/frontend/node_modules/@babel/parser/lib/index.js:4803:12)
      at TypeScriptParserMixin.getTokenFromCode (/mnt/windows/File tugas/Semester 5/lainnya/TRO/Puskesmas/frontend/node_modules/@babel/parser/lib/index.js:10042:11)
      at TypeScriptParserMixin.nextToken (/mnt/windows/File tugas/Semester 5/lainnya/TRO/Puskesmas/frontend/node_modules/@babel/parser/lib/index.js:5807:10)
      at TypeScriptParserMixin.next (/mnt/windows/File tugas/Semester 5/lainnya/TRO/Puskesmas/frontend/node_modules/@babel/parser/lib/index.js:5717:10)
      at TypeScriptParserMixin.eat (/mnt/windows/File tugas/Semester 5/lainnya/TRO/Puskesmas/frontend/node_modules/@babel/parser/lib/index.js:5721:12)
      at TypeScriptParserMixin.expect (/mnt/windows/File tugas/Semester 5/lainnya/TRO/Puskesmas/frontend/node_modules/@babel/parser/lib/index.js:6923:15)
      at TypeScriptParserMixin.jsxParseClosingElementAt (/mnt/windows/File tugas/Semester 5/lainnya/TRO/Puskesmas/frontend/node_modules/@babel/parser/lib/index.js:4709:10)
      at TypeScriptParserMixin.jsxParseElementAt (/mnt/windows/File tugas/Semester 5/lainnya/TRO/Puskesmas/frontend/node_modules/@babel/parser/lib/index.js:4724:37)
      at TypeScriptParserMixin.jsxParseElementAt (/mnt/windows/File tugas/Semester 5/lainnya/TRO/Puskesmas/frontend/node_modules/@babel/parser/lib/index.js:4727:32)
      at TypeScriptParserMixin.jsxParseElement (/mnt/windows/File tugas/Semester 5/lainnya/TRO/Puskesmas/frontend/node_modules/@babel/parser/lib/index.js:4778:17)
      at TypeScriptParserMixin.parseExprAtom (/mnt/windows/File tugas/Semester 5/lainnya/TRO/Puskesmas/frontend/node_modules/@babel/parser/lib/index.js:4788:19)
      at TypeScriptParserMixin.parseExprSubscripts (/mnt/windows/File tugas/Semester 5/lainnya/TRO/Puskesmas/frontend/node_modules/@babel/parser/lib/index.js:11145:23)
      at TypeScriptParserMixin.parseUpdate (/mnt/windows/File tugas/Semester 5/lainnya/TRO/Puskesmas/frontend/node_modules/@babel/parser/lib/index.js:11130:21)
      at TypeScriptParserMixin.parseMaybeUnary (/mnt/windows/File tugas/Semester 5/lainnya/TRO/Puskesmas/frontend/node_modules/@babel/parser/lib/index.js:11110:23)
      at TypeScriptParserMixin.parseMaybeUnary (/mnt/windows/File tugas/Semester 5/lainnya/TRO/Puskesmas/frontend/node_modules/@babel/parser/lib/index.js:9890:18)
      at TypeScriptParserMixin.parseMaybeUnaryOrPrivate (/mnt/windows/File tugas/Semester 5/lainnya/TRO/Puskesmas/frontend/node_modules/@babel/parser/lib/index.js:10963:61)
      at TypeScriptParserMixin.parseExprOps (/mnt/windows/File tugas/Semester 5/lainnya/TRO/Puskesmas/frontend/node_modules/@babel/parser/lib/index.js:10968:23)
      at TypeScriptParserMixin.parseMaybeConditional (/mnt/windows/File tugas/Semester 5/lainnya/TRO/Puskesmas/frontend/node_modules/@babel/parser/lib/index.js:10945:23)
      at TypeScriptParserMixin.parseMaybeAssign (/mnt/windows/File tugas/Semester 5/lainnya/TRO/Puskesmas/frontend/node_modules/@babel/parser/lib/index.js:10895:21)
      at /mnt/windows/File tugas/Semester 5/lainnya/TRO/Puskesmas/frontend/node_modules/@babel/parser/lib/index.js:9828:39
      at TypeScriptParserMixin.tryParse (/mnt/windows/File tugas/Semester 5/lainnya/TRO/Puskesmas/frontend/node_modules/@babel/parser/lib/index.js:6932:20)
      at TypeScriptParserMixin.parseMaybeAssign (/mnt/windows/File tugas/Semester 5/lainnya/TRO/Puskesmas/frontend/node_modules/@babel/parser/lib/index.js:9828:18)
      at /mnt/windows/File tugas/Semester 5/lainnya/TRO/Puskesmas/frontend/node_modules/@babel/parser/lib/index.js:10864:39
      at TypeScriptParserMixin.allowInAnd (/mnt/windows/File tugas/Semester 5/lainnya/TRO/Puskesmas/frontend/node_modules/@babel/parser/lib/index.js:12500:12)
      at TypeScriptParserMixin.parseMaybeAssignAllowIn (/mnt/windows/File tugas/Semester 5/lainnya/TRO/Puskesmas/frontend/node_modules/@babel/parser/lib/index.js:10864:17)
      at TypeScriptParserMixin.parseMaybeAssignAllowInOrVoidPattern (/mnt/windows/File tugas/Semester 5/lainnya/TRO/Puskesmas/frontend/node_modules/@babel/parser/lib/index.js:12567:17)
      at TypeScriptParserMixin.parseParenAndDistinguishExpression (/mnt/windows/File tugas/Semester 5/lainnya/TRO/Puskesmas/frontend/node_modules/@babel/parser/lib/index.js:11747:28)
      at TypeScriptParserMixin.parseExprAtom (/mnt/windows/File tugas/Semester 5/lainnya/TRO/Puskesmas/frontend/node_modules/@babel/parser/lib/index.js:11395:23)
      at TypeScriptParserMixin.parseExprAtom (/mnt/windows/File tugas/Semester 5/lainnya/TRO/Puskesmas/frontend/node_modules/@babel/parser/lib/index.js:4793:20)
      at TypeScriptParserMixin.parseExprSubscripts (/mnt/windows/File tugas/Semester 5/lainnya/TRO/Puskesmas/frontend/node_modules/@babel/parser/lib/index.js:11145:23)
      at TypeScriptParserMixin.parseUpdate (/mnt/windows/File tugas/Semester 5/lainnya/TRO/Puskesmas/frontend/node_modules/@babel/parser/lib/index.js:11130:21)
      at TypeScriptParserMixin.parseMaybeUnary (/mnt/windows/File tugas/Semester 5/lainnya/TRO/Puskesmas/frontend/node_modules/@babel/parser/lib/index.js:11110:23)
      at TypeScriptParserMixin.parseMaybeUnary (/mnt/windows/File tugas/Semester 5/lainnya/TRO/Puskesmas/frontend/node_modules/@babel/parser/lib/index.js:9890:18)
      at TypeScriptParserMixin.parseMaybeUnaryOrPrivate (/mnt/windows/File tugas/Semester 5/lainnya/TRO/Puskesmas/frontend/node_modules/@babel/parser/lib/index.js:10963:61)
      at TypeScriptParserMixin.parseExprOps (/mnt/windows/File tugas/Semester 5/lainnya/TRO/Puskesmas/frontend/node_modules/@babel/parser/lib/index.js:10968:23)
      at TypeScriptParserMixin.parseMaybeConditional (/mnt/windows/File tugas/Semester 5/lainnya/TRO/Puskesmas/frontend/node_modules/@babel/parser/lib/index.js:10945:23)
      at TypeScriptParserMixin.parseMaybeAssign (/mnt/windows/File tugas/Semester 5/lainnya/TRO/Puskesmas/frontend/node_modules/@babel/parser/lib/index.js:10895:21)
      at TypeScriptParserMixin.parseMaybeAssign (/mnt/windows/File tugas/Semester 5/lainnya/TRO/Puskesmas/frontend/node_modules/@babel/parser/lib/index.js:9839:20)
      at TypeScriptParserMixin.parseExpressionBase (/mnt/windows/File tugas/Semester 5/lainnya/TRO/Puskesmas/frontend/node_modules/@babel/parser/lib/index.js:10848:23)
      at /mnt/windows/File tugas/Semester 5/lainnya/TRO/Puskesmas/frontend/node_modules/@babel/parser/lib/index.js:10844:39
      at TypeScriptParserMixin.allowInAnd (/mnt/windows/File tugas/Semester 5/lainnya/TRO/Puskesmas/frontend/node_modules/@babel/parser/lib/index.js:12495:16)
      at TypeScriptParserMixin.parseExpression (/mnt/windows/File tugas/Semester 5/lainnya/TRO/Puskesmas/frontend/node_modules/@babel/parser/lib/index.js:10844:17)
      at TypeScriptParserMixin.parseReturnStatement (/mnt/windows/File tugas/Semester 5/lainnya/TRO/Puskesmas/frontend/node_modules/@babel/parser/lib/index.js:13218:28)
      at TypeScriptParserMixin.parseStatementContent (/mnt/windows/File tugas/Semester 5/lainnya/TRO/Puskesmas/frontend/node_modules/@babel/parser/lib/index.js:12874:21)
      at TypeScriptParserMixin.parseStatementContent (/mnt/windows/File tugas/Semester 5/lainnya/TRO/Puskesmas/frontend/node_modules/@babel/parser/lib/index.js:9569:18)
      at TypeScriptParserMixin.parseStatementLike (/mnt/windows/File tugas/Semester 5/lainnya/TRO/Puskesmas/frontend/node_modules/@babel/parser/lib/index.js:12843:17)
      at TypeScriptParserMixin.parseStatementListItem (/mnt/windows/File tugas/Semester 5/lainnya/TRO/Puskesmas/frontend/node_modules/@babel/parser/lib/index.js:12823:17)
9:43:01 PM [vite] hmr update /src/pages/Dashboard.tsx, /src/pages/Pasien/PasienList.tsx, /src/pages/Kunjungan/KunjunganList.tsx, /src/pages/Obat/ObatList.tsx, /src/components/Navbar.tsx
9:43:01 PM [vite] Pre-transform error: /mnt/windows/File tugas/Semester 5/lainnya/TRO/Puskesmas/frontend/src/pages/Transaksi/TransaksiList.tsx: Unterminated JSX contents. (338:10)

  336 |         </div>
  337 |       </div>
> 338 |     </div>
      |           ^
  339 |   );
  340 | };
  341 |
9:43:01 PM [vite] Internal server error: /mnt/windows/File tugas/Semester 5/lainnya/TRO/Puskesmas/frontend/src/pages/Transaksi/TransaksiList.tsx: Unterminated JSX contents. (338:10)

  336 |         </div>
  337 |       </div>
> 338 |     </div>
      |           ^
  339 |   );
  340 | };
  341 |
  Plugin: vite:react-babel
  File: /mnt/windows/File tugas/Semester 5/lainnya/TRO/Puskesmas/frontend/src/pages/Transaksi/TransaksiList.tsx:338:10
  336|          </div>
  337|        </div>
  338|      </div>
     |            ^
  339|    );
  340|  };
      at constructor (/mnt/windows/File tugas/Semester 5/lainnya/TRO/Puskesmas/frontend/node_modules/@babel/parser/lib/index.js:367:19)
      at TypeScriptParserMixin.raise (/mnt/windows/File tugas/Semester 5/lainnya/TRO/Puskesmas/frontend/node_modules/@babel/parser/lib/index.js:6624:19)
      at TypeScriptParserMixin.jsxReadToken (/mnt/windows/File tugas/Semester 5/lainnya/TRO/Puskesmas/frontend/node_modules/@babel/parser/lib/index.js:4477:20)
      at TypeScriptParserMixin.getTokenFromCode (/mnt/windows/File tugas/Semester 5/lainnya/TRO/Puskesmas/frontend/node_modules/@babel/parser/lib/index.js:4803:12)
      at TypeScriptParserMixin.getTokenFromCode (/mnt/windows/File tugas/Semester 5/lainnya/TRO/Puskesmas/frontend/node_modules/@babel/parser/lib/index.js:10042:11)
      at TypeScriptParserMixin.nextToken (/mnt/windows/File tugas/Semester 5/lainnya/TRO/Puskesmas/frontend/node_modules/@babel/parser/lib/index.js:5807:10)
      at TypeScriptParserMixin.next (/mnt/windows/File tugas/Semester 5/lainnya/TRO/Puskesmas/frontend/node_modules/@babel/parser/lib/index.js:5717:10)
      at TypeScriptParserMixin.eat (/mnt/windows/File tugas/Semester 5/lainnya/TRO/Puskesmas/frontend/node_modules/@babel/parser/lib/index.js:5721:12)
      at TypeScriptParserMixin.expect (/mnt/windows/File tugas/Semester 5/lainnya/TRO/Puskesmas/frontend/node_modules/@babel/parser/lib/index.js:6923:15)
      at TypeScriptParserMixin.jsxParseClosingElementAt (/mnt/windows/File tugas/Semester 5/lainnya/TRO/Puskesmas/frontend/node_modules/@babel/parser/lib/index.js:4709:10)
      at TypeScriptParserMixin.jsxParseElementAt (/mnt/windows/File tugas/Semester 5/lainnya/TRO/Puskesmas/frontend/node_modules/@babel/parser/lib/index.js:4724:37)
      at TypeScriptParserMixin.jsxParseElementAt (/mnt/windows/File tugas/Semester 5/lainnya/TRO/Puskesmas/frontend/node_modules/@babel/parser/lib/index.js:4727:32)
      at TypeScriptParserMixin.jsxParseElement (/mnt/windows/File tugas/Semester 5/lainnya/TRO/Puskesmas/frontend/node_modules/@babel/parser/lib/index.js:4778:17)
      at TypeScriptParserMixin.parseExprAtom (/mnt/windows/File tugas/Semester 5/lainnya/TRO/Puskesmas/frontend/node_modules/@babel/parser/lib/index.js:4788:19)
      at TypeScriptParserMixin.parseExprSubscripts (/mnt/windows/File tugas/Semester 5/lainnya/TRO/Puskesmas/frontend/node_modules/@babel/parser/lib/index.js:11145:23)
      at TypeScriptParserMixin.parseUpdate (/mnt/windows/File tugas/Semester 5/lainnya/TRO/Puskesmas/frontend/node_modules/@babel/parser/lib/index.js:11130:21)
      at TypeScriptParserMixin.parseMaybeUnary (/mnt/windows/File tugas/Semester 5/lainnya/TRO/Puskesmas/frontend/node_modules/@babel/parser/lib/index.js:11110:23)
      at TypeScriptParserMixin.parseMaybeUnary (/mnt/windows/File tugas/Semester 5/lainnya/TRO/Puskesmas/frontend/node_modules/@babel/parser/lib/index.js:9890:18)
      at TypeScriptParserMixin.parseMaybeUnaryOrPrivate (/mnt/windows/File tugas/Semester 5/lainnya/TRO/Puskesmas/frontend/node_modules/@babel/parser/lib/index.js:10963:61)
      at TypeScriptParserMixin.parseExprOps (/mnt/windows/File tugas/Semester 5/lainnya/TRO/Puskesmas/frontend/node_modules/@babel/parser/lib/index.js:10968:23)
      at TypeScriptParserMixin.parseMaybeConditional (/mnt/windows/File tugas/Semester 5/lainnya/TRO/Puskesmas/frontend/node_modules/@babel/parser/lib/index.js:10945:23)
      at TypeScriptParserMixin.parseMaybeAssign (/mnt/windows/File tugas/Semester 5/lainnya/TRO/Puskesmas/frontend/node_modules/@babel/parser/lib/index.js:10895:21)
      at /mnt/windows/File tugas/Semester 5/lainnya/TRO/Puskesmas/frontend/node_modules/@babel/parser/lib/index.js:9828:39
      at TypeScriptParserMixin.tryParse (/mnt/windows/File tugas/Semester 5/lainnya/TRO/Puskesmas/frontend/node_modules/@babel/parser/lib/index.js:6932:20)
      at TypeScriptParserMixin.parseMaybeAssign (/mnt/windows/File tugas/Semester 5/lainnya/TRO/Puskesmas/frontend/node_modules/@babel/parser/lib/index.js:9828:18)
      at /mnt/windows/File tugas/Semester 5/lainnya/TRO/Puskesmas/frontend/node_modules/@babel/parser/lib/index.js:10864:39
      at TypeScriptParserMixin.allowInAnd (/mnt/windows/File tugas/Semester 5/lainnya/TRO/Puskesmas/frontend/node_modules/@babel/parser/lib/index.js:12500:12)
      at TypeScriptParserMixin.parseMaybeAssignAllowIn (/mnt/windows/File tugas/Semester 5/lainnya/TRO/Puskesmas/frontend/node_modules/@babel/parser/lib/index.js:10864:17)
      at TypeScriptParserMixin.parseMaybeAssignAllowInOrVoidPattern (/mnt/windows/File tugas/Semester 5/lainnya/TRO/Puskesmas/frontend/node_modules/@babel/parser/lib/index.js:12567:17)
      at TypeScriptParserMixin.parseParenAndDistinguishExpression (/mnt/windows/File tugas/Semester 5/lainnya/TRO/Puskesmas/frontend/node_modules/@babel/parser/lib/index.js:11747:28)
      at TypeScriptParserMixin.parseExprAtom (/mnt/windows/File tugas/Semester 5/lainnya/TRO/Puskesmas/frontend/node_modules/@babel/parser/lib/index.js:11395:23)
      at TypeScriptParserMixin.parseExprAtom (/mnt/windows/File tugas/Semester 5/lainnya/TRO/Puskesmas/frontend/node_modules/@babel/parser/lib/index.js:4793:20)
      at TypeScriptParserMixin.parseExprSubscripts (/mnt/windows/File tugas/Semester 5/lainnya/TRO/Puskesmas/frontend/node_modules/@babel/parser/lib/index.js:11145:23)
      at TypeScriptParserMixin.parseUpdate (/mnt/windows/File tugas/Semester 5/lainnya/TRO/Puskesmas/frontend/node_modules/@babel/parser/lib/index.js:11130:21)
      at TypeScriptParserMixin.parseMaybeUnary (/mnt/windows/File tugas/Semester 5/lainnya/TRO/Puskesmas/frontend/node_modules/@babel/parser/lib/index.js:11110:23)
      at TypeScriptParserMixin.parseMaybeUnary (/mnt/windows/File tugas/Semester 5/lainnya/TRO/Puskesmas/frontend/node_modules/@babel/parser/lib/index.js:9890:18)
      at TypeScriptParserMixin.parseMaybeUnaryOrPrivate (/mnt/windows/File tugas/Semester 5/lainnya/TRO/Puskesmas/frontend/node_modules/@babel/parser/lib/index.js:10963:61)
      at TypeScriptParserMixin.parseExprOps (/mnt/windows/File tugas/Semester 5/lainnya/TRO/Puskesmas/frontend/node_modules/@babel/parser/lib/index.js:10968:23)
      at TypeScriptParserMixin.parseMaybeConditional (/mnt/windows/File tugas/Semester 5/lainnya/TRO/Puskesmas/frontend/node_modules/@babel/parser/lib/index.js:10945:23)
      at TypeScriptParserMixin.parseMaybeAssign (/mnt/windows/File tugas/Semester 5/lainnya/TRO/Puskesmas/frontend/node_modules/@babel/parser/lib/index.js:10895:21)
      at TypeScriptParserMixin.parseMaybeAssign (/mnt/windows/File tugas/Semester 5/lainnya/TRO/Puskesmas/frontend/node_modules/@babel/parser/lib/index.js:9839:20)
      at TypeScriptParserMixin.parseExpressionBase (/mnt/windows/File tugas/Semester 5/lainnya/TRO/Puskesmas/frontend/node_modules/@babel/parser/lib/index.js:10848:23)
      at /mnt/windows/File tugas/Semester 5/lainnya/TRO/Puskesmas/frontend/node_modules/@babel/parser/lib/index.js:10844:39
      at TypeScriptParserMixin.allowInAnd (/mnt/windows/File tugas/Semester 5/lainnya/TRO/Puskesmas/frontend/node_modules/@babel/parser/lib/index.js:12495:16)
      at TypeScriptParserMixin.parseExpression (/mnt/windows/File tugas/Semester 5/lainnya/TRO/Puskesmas/frontend/node_modules/@babel/parser/lib/index.js:10844:17)
      at TypeScriptParserMixin.parseReturnStatement (/mnt/windows/File tugas/Semester 5/lainnya/TRO/Puskesmas/frontend/node_modules/@babel/parser/lib/index.js:13218:28)
      at TypeScriptParserMixin.parseStatementContent (/mnt/windows/File tugas/Semester 5/lainnya/TRO/Puskesmas/frontend/node_modules/@babel/parser/lib/index.js:12874:21)
      at TypeScriptParserMixin.parseStatementContent (/mnt/windows/File tugas/Semester 5/lainnya/TRO/Puskesmas/frontend/node_modules/@babel/parser/lib/index.js:9569:18)
      at TypeScriptParserMixin.parseStatementLike (/mnt/windows/File tugas/Semester 5/lainnya/TRO/Puskesmas/frontend/node_modules/@babel/parser/lib/index.js:12843:17)
      at TypeScriptParserMixin.parseStatementListItem (/mnt/windows/File tugas/Semester 5/lainnya/TRO/Puskesmas/frontend/node_modules/@babel/parser/lib/index.js:12823:17)
9:43:01 PM [vite] hmr update /src/pages/Dashboard.tsx, /src/pages/Pasien/PasienList.tsx, /src/pages/Kunjungan/KunjunganList.tsx, /src/pages/Obat/ObatList.tsx, /src/components/Navbar.tsx
9:43:01 PM [vite] Pre-transform error: /mnt/windows/File tugas/Semester 5/lainnya/TRO/Puskesmas/frontend/src/pages/Transaksi/TransaksiList.tsx: Unterminated JSX contents. (338:10)

  336 |         </div>
  337 |       </div>
> 338 |     </div>
      |           ^
  339 |   );
  340 | };
  341 |
9:43:01 PM [vite] Internal server error: /mnt/windows/File tugas/Semester 5/lainnya/TRO/Puskesmas/frontend/src/pages/Transaksi/TransaksiList.tsx: Unterminated JSX contents. (338:10)

  336 |         </div>
  337 |       </div>
> 338 |     </div>
      |           ^
  339 |   );
  340 | };
  341 |
  Plugin: vite:react-babel
  File: /mnt/windows/File tugas/Semester 5/lainnya/TRO/Puskesmas/frontend/src/pages/Transaksi/TransaksiList.tsx:338:10
  336|          </div>
  337|        </div>
  338|      </div>
     |            ^
  339|    );
  340|  };
      at constructor (/mnt/windows/File tugas/Semester 5/lainnya/TRO/Puskesmas/frontend/node_modules/@babel/parser/lib/index.js:367:19)
      at TypeScriptParserMixin.raise (/mnt/windows/File tugas/Semester 5/lainnya/TRO/Puskesmas/frontend/node_modules/@babel/parser/lib/index.js:6624:19)
      at TypeScriptParserMixin.jsxReadToken (/mnt/windows/File tugas/Semester 5/lainnya/TRO/Puskesmas/frontend/node_modules/@babel/parser/lib/index.js:4477:20)
      at TypeScriptParserMixin.getTokenFromCode (/mnt/windows/File tugas/Semester 5/lainnya/TRO/Puskesmas/frontend/node_modules/@babel/parser/lib/index.js:4803:12)
      at TypeScriptParserMixin.getTokenFromCode (/mnt/windows/File tugas/Semester 5/lainnya/TRO/Puskesmas/frontend/node_modules/@babel/parser/lib/index.js:10042:11)
      at TypeScriptParserMixin.nextToken (/mnt/windows/File tugas/Semester 5/lainnya/TRO/Puskesmas/frontend/node_modules/@babel/parser/lib/index.js:5807:10)
      at TypeScriptParserMixin.next (/mnt/windows/File tugas/Semester 5/lainnya/TRO/Puskesmas/frontend/node_modules/@babel/parser/lib/index.js:5717:10)
      at TypeScriptParserMixin.eat (/mnt/windows/File tugas/Semester 5/lainnya/TRO/Puskesmas/frontend/node_modules/@babel/parser/lib/index.js:5721:12)
      at TypeScriptParserMixin.expect (/mnt/windows/File tugas/Semester 5/lainnya/TRO/Puskesmas/frontend/node_modules/@babel/parser/lib/index.js:6923:15)
      at TypeScriptParserMixin.jsxParseClosingElementAt (/mnt/windows/File tugas/Semester 5/lainnya/TRO/Puskesmas/frontend/node_modules/@babel/parser/lib/index.js:4709:10)
      at TypeScriptParserMixin.jsxParseElementAt (/mnt/windows/File tugas/Semester 5/lainnya/TRO/Puskesmas/frontend/node_modules/@babel/parser/lib/index.js:4724:37)
      at TypeScriptParserMixin.jsxParseElementAt (/mnt/windows/File tugas/Semester 5/lainnya/TRO/Puskesmas/frontend/node_modules/@babel/parser/lib/index.js:4727:32)
      at TypeScriptParserMixin.jsxParseElement (/mnt/windows/File tugas/Semester 5/lainnya/TRO/Puskesmas/frontend/node_modules/@babel/parser/lib/index.js:4778:17)
      at TypeScriptParserMixin.parseExprAtom (/mnt/windows/File tugas/Semester 5/lainnya/TRO/Puskesmas/frontend/node_modules/@babel/parser/lib/index.js:4788:19)
      at TypeScriptParserMixin.parseExprSubscripts (/mnt/windows/File tugas/Semester 5/lainnya/TRO/Puskesmas/frontend/node_modules/@babel/parser/lib/index.js:11145:23)
      at TypeScriptParserMixin.parseUpdate (/mnt/windows/File tugas/Semester 5/lainnya/TRO/Puskesmas/frontend/node_modules/@babel/parser/lib/index.js:11130:21)
      at TypeScriptParserMixin.parseMaybeUnary (/mnt/windows/File tugas/Semester 5/lainnya/TRO/Puskesmas/frontend/node_modules/@babel/parser/lib/index.js:11110:23)
      at TypeScriptParserMixin.parseMaybeUnary (/mnt/windows/File tugas/Semester 5/lainnya/TRO/Puskesmas/frontend/node_modules/@babel/parser/lib/index.js:9890:18)
      at TypeScriptParserMixin.parseMaybeUnaryOrPrivate (/mnt/windows/File tugas/Semester 5/lainnya/TRO/Puskesmas/frontend/node_modules/@babel/parser/lib/index.js:10963:61)
      at TypeScriptParserMixin.parseExprOps (/mnt/windows/File tugas/Semester 5/lainnya/TRO/Puskesmas/frontend/node_modules/@babel/parser/lib/index.js:10968:23)
      at TypeScriptParserMixin.parseMaybeConditional (/mnt/windows/File tugas/Semester 5/lainnya/TRO/Puskesmas/frontend/node_modules/@babel/parser/lib/index.js:10945:23)
      at TypeScriptParserMixin.parseMaybeAssign (/mnt/windows/File tugas/Semester 5/lainnya/TRO/Puskesmas/frontend/node_modules/@babel/parser/lib/index.js:10895:21)
      at /mnt/windows/File tugas/Semester 5/lainnya/TRO/Puskesmas/frontend/node_modules/@babel/parser/lib/index.js:9828:39
      at TypeScriptParserMixin.tryParse (/mnt/windows/File tugas/Semester 5/lainnya/TRO/Puskesmas/frontend/node_modules/@babel/parser/lib/index.js:6932:20)
      at TypeScriptParserMixin.parseMaybeAssign (/mnt/windows/File tugas/Semester 5/lainnya/TRO/Puskesmas/frontend/node_modules/@babel/parser/lib/index.js:9828:18)
      at /mnt/windows/File tugas/Semester 5/lainnya/TRO/Puskesmas/frontend/node_modules/@babel/parser/lib/index.js:10864:39
      at TypeScriptParserMixin.allowInAnd (/mnt/windows/File tugas/Semester 5/lainnya/TRO/Puskesmas/frontend/node_modules/@babel/parser/lib/index.js:12500:12)
      at TypeScriptParserMixin.parseMaybeAssignAllowIn (/mnt/windows/File tugas/Semester 5/lainnya/TRO/Puskesmas/frontend/node_modules/@babel/parser/lib/index.js:10864:17)
      at TypeScriptParserMixin.parseMaybeAssignAllowInOrVoidPattern (/mnt/windows/File tugas/Semester 5/lainnya/TRO/Puskesmas/frontend/node_modules/@babel/parser/lib/index.js:12567:17)
      at TypeScriptParserMixin.parseParenAndDistinguishExpression (/mnt/windows/File tugas/Semester 5/lainnya/TRO/Puskesmas/frontend/node_modules/@babel/parser/lib/index.js:11747:28)
      at TypeScriptParserMixin.parseExprAtom (/mnt/windows/File tugas/Semester 5/lainnya/TRO/Puskesmas/frontend/node_modules/@babel/parser/lib/index.js:11395:23)
      at TypeScriptParserMixin.parseExprAtom (/mnt/windows/File tugas/Semester 5/lainnya/TRO/Puskesmas/frontend/node_modules/@babel/parser/lib/index.js:4793:20)
      at TypeScriptParserMixin.parseExprSubscripts (/mnt/windows/File tugas/Semester 5/lainnya/TRO/Puskesmas/frontend/node_modules/@babel/parser/lib/index.js:11145:23)
      at TypeScriptParserMixin.parseUpdate (/mnt/windows/File tugas/Semester 5/lainnya/TRO/Puskesmas/frontend/node_modules/@babel/parser/lib/index.js:11130:21)
      at TypeScriptParserMixin.parseMaybeUnary (/mnt/windows/File tugas/Semester 5/lainnya/TRO/Puskesmas/frontend/node_modules/@babel/parser/lib/index.js:11110:23)
      at TypeScriptParserMixin.parseMaybeUnary (/mnt/windows/File tugas/Semester 5/lainnya/TRO/Puskesmas/frontend/node_modules/@babel/parser/lib/index.js:9890:18)
      at TypeScriptParserMixin.parseMaybeUnaryOrPrivate (/mnt/windows/File tugas/Semester 5/lainnya/TRO/Puskesmas/frontend/node_modules/@babel/parser/lib/index.js:10963:61)
      at TypeScriptParserMixin.parseExprOps (/mnt/windows/File tugas/Semester 5/lainnya/TRO/Puskesmas/frontend/node_modules/@babel/parser/lib/index.js:10968:23)
      at TypeScriptParserMixin.parseMaybeConditional (/mnt/windows/File tugas/Semester 5/lainnya/TRO/Puskesmas/frontend/node_modules/@babel/parser/lib/index.js:10945:23)
      at TypeScriptParserMixin.parseMaybeAssign (/mnt/windows/File tugas/Semester 5/lainnya/TRO/Puskesmas/frontend/node_modules/@babel/parser/lib/index.js:10895:21)
      at TypeScriptParserMixin.parseMaybeAssign (/mnt/windows/File tugas/Semester 5/lainnya/TRO/Puskesmas/frontend/node_modules/@babel/parser/lib/index.js:9839:20)
      at TypeScriptParserMixin.parseExpressionBase (/mnt/windows/File tugas/Semester 5/lainnya/TRO/Puskesmas/frontend/node_modules/@babel/parser/lib/index.js:10848:23)
      at /mnt/windows/File tugas/Semester 5/lainnya/TRO/Puskesmas/frontend/node_modules/@babel/parser/lib/index.js:10844:39
      at TypeScriptParserMixin.allowInAnd (/mnt/windows/File tugas/Semester 5/lainnya/TRO/Puskesmas/frontend/node_modules/@babel/parser/lib/index.js:12495:16)
      at TypeScriptParserMixin.parseExpression (/mnt/windows/File tugas/Semester 5/lainnya/TRO/Puskesmas/frontend/node_modules/@babel/parser/lib/index.js:10844:17)
      at TypeScriptParserMixin.parseReturnStatement (/mnt/windows/File tugas/Semester 5/lainnya/TRO/Puskesmas/frontend/node_modules/@babel/parser/lib/index.js:13218:28)
      at TypeScriptParserMixin.parseStatementContent (/mnt/windows/File tugas/Semester 5/lainnya/TRO/Puskesmas/frontend/node_modules/@babel/parser/lib/index.js:12874:21)
      at TypeScriptParserMixin.parseStatementContent (/mnt/windows/File tugas/Semester 5/lainnya/TRO/Puskesmas/frontend/node_modules/@babel/parser/lib/index.js:9569:18)
      at TypeScriptParserMixin.parseStatementLike (/mnt/windows/File tugas/Semester 5/lainnya/TRO/Puskesmas/frontend/node_modules/@babel/parser/lib/index.js:12843:17)
      at TypeScriptParserMixin.parseStatementListItem (/mnt/windows/File tugas/Semester 5/lainnya/TRO/Puskesmas/frontend/node_modules/@babel/parser/lib/index.js:12823:17)
9:43:16 PM [vite] hmr update /src/pages/Transaksi/TransaksiDetail.tsx
9:43:16 PM [vite] Pre-transform error: /mnt/windows/File tugas/Semester 5/lainnya/TRO/Puskesmas/frontend/src/pages/Transaksi/TransaksiList.tsx: Unterminated JSX contents. (338:10)

  336 |         </div>
  337 |       </div>
> 338 |     </div>
      |           ^
  339 |   );
  340 | };
  341 |
9:43:16 PM [vite] Internal server error: /mnt/windows/File tugas/Semester 5/lainnya/TRO/Puskesmas/frontend/src/pages/Transaksi/TransaksiList.tsx: Unterminated JSX contents. (338:10)

  336 |         </div>
  337 |       </div>
> 338 |     </div>
      |           ^
  339 |   );
  340 | };
  341 |
  Plugin: vite:react-babel
  File: /mnt/windows/File tugas/Semester 5/lainnya/TRO/Puskesmas/frontend/src/pages/Transaksi/TransaksiList.tsx:338:10
  336|          </div>
  337|        </div>
  338|      </div>
     |            ^
  339|    );
  340|  };
      at constructor (/mnt/windows/File tugas/Semester 5/lainnya/TRO/Puskesmas/frontend/node_modules/@babel/parser/lib/index.js:367:19)
      at TypeScriptParserMixin.raise (/mnt/windows/File tugas/Semester 5/lainnya/TRO/Puskesmas/frontend/node_modules/@babel/parser/lib/index.js:6624:19)
      at TypeScriptParserMixin.jsxReadToken (/mnt/windows/File tugas/Semester 5/lainnya/TRO/Puskesmas/frontend/node_modules/@babel/parser/lib/index.js:4477:20)
      at TypeScriptParserMixin.getTokenFromCode (/mnt/windows/File tugas/Semester 5/lainnya/TRO/Puskesmas/frontend/node_modules/@babel/parser/lib/index.js:4803:12)
      at TypeScriptParserMixin.getTokenFromCode (/mnt/windows/File tugas/Semester 5/lainnya/TRO/Puskesmas/frontend/node_modules/@babel/parser/lib/index.js:10042:11)
      at TypeScriptParserMixin.nextToken (/mnt/windows/File tugas/Semester 5/lainnya/TRO/Puskesmas/frontend/node_modules/@babel/parser/lib/index.js:5807:10)
      at TypeScriptParserMixin.next (/mnt/windows/File tugas/Semester 5/lainnya/TRO/Puskesmas/frontend/node_modules/@babel/parser/lib/index.js:5717:10)
      at TypeScriptParserMixin.eat (/mnt/windows/File tugas/Semester 5/lainnya/TRO/Puskesmas/frontend/node_modules/@babel/parser/lib/index.js:5721:12)
      at TypeScriptParserMixin.expect (/mnt/windows/File tugas/Semester 5/lainnya/TRO/Puskesmas/frontend/node_modules/@babel/parser/lib/index.js:6923:15)
      at TypeScriptParserMixin.jsxParseClosingElementAt (/mnt/windows/File tugas/Semester 5/lainnya/TRO/Puskesmas/frontend/node_modules/@babel/parser/lib/index.js:4709:10)
      at TypeScriptParserMixin.jsxParseElementAt (/mnt/windows/File tugas/Semester 5/lainnya/TRO/Puskesmas/frontend/node_modules/@babel/parser/lib/index.js:4724:37)
      at TypeScriptParserMixin.jsxParseElementAt (/mnt/windows/File tugas/Semester 5/lainnya/TRO/Puskesmas/frontend/node_modules/@babel/parser/lib/index.js:4727:32)
      at TypeScriptParserMixin.jsxParseElement (/mnt/windows/File tugas/Semester 5/lainnya/TRO/Puskesmas/frontend/node_modules/@babel/parser/lib/index.js:4778:17)
      at TypeScriptParserMixin.parseExprAtom (/mnt/windows/File tugas/Semester 5/lainnya/TRO/Puskesmas/frontend/node_modules/@babel/parser/lib/index.js:4788:19)
      at TypeScriptParserMixin.parseExprSubscripts (/mnt/windows/File tugas/Semester 5/lainnya/TRO/Puskesmas/frontend/node_modules/@babel/parser/lib/index.js:11145:23)
      at TypeScriptParserMixin.parseUpdate (/mnt/windows/File tugas/Semester 5/lainnya/TRO/Puskesmas/frontend/node_modules/@babel/parser/lib/index.js:11130:21)
      at TypeScriptParserMixin.parseMaybeUnary (/mnt/windows/File tugas/Semester 5/lainnya/TRO/Puskesmas/frontend/node_modules/@babel/parser/lib/index.js:11110:23)
      at TypeScriptParserMixin.parseMaybeUnary (/mnt/windows/File tugas/Semester 5/lainnya/TRO/Puskesmas/frontend/node_modules/@babel/parser/lib/index.js:9890:18)
      at TypeScriptParserMixin.parseMaybeUnaryOrPrivate (/mnt/windows/File tugas/Semester 5/lainnya/TRO/Puskesmas/frontend/node_modules/@babel/parser/lib/index.js:10963:61)
      at TypeScriptParserMixin.parseExprOps (/mnt/windows/File tugas/Semester 5/lainnya/TRO/Puskesmas/frontend/node_modules/@babel/parser/lib/index.js:10968:23)
      at TypeScriptParserMixin.parseMaybeConditional (/mnt/windows/File tugas/Semester 5/lainnya/TRO/Puskesmas/frontend/node_modules/@babel/parser/lib/index.js:10945:23)
      at TypeScriptParserMixin.parseMaybeAssign (/mnt/windows/File tugas/Semester 5/lainnya/TRO/Puskesmas/frontend/node_modules/@babel/parser/lib/index.js:10895:21)
      at /mnt/windows/File tugas/Semester 5/lainnya/TRO/Puskesmas/frontend/node_modules/@babel/parser/lib/index.js:9828:39
      at TypeScriptParserMixin.tryParse (/mnt/windows/File tugas/Semester 5/lainnya/TRO/Puskesmas/frontend/node_modules/@babel/parser/lib/index.js:6932:20)
      at TypeScriptParserMixin.parseMaybeAssign (/mnt/windows/File tugas/Semester 5/lainnya/TRO/Puskesmas/frontend/node_modules/@babel/parser/lib/index.js:9828:18)
      at /mnt/windows/File tugas/Semester 5/lainnya/TRO/Puskesmas/frontend/node_modules/@babel/parser/lib/index.js:10864:39
      at TypeScriptParserMixin.allowInAnd (/mnt/windows/File tugas/Semester 5/lainnya/TRO/Puskesmas/frontend/node_modules/@babel/parser/lib/index.js:12500:12)
      at TypeScriptParserMixin.parseMaybeAssignAllowIn (/mnt/windows/File tugas/Semester 5/lainnya/TRO/Puskesmas/frontend/node_modules/@babel/parser/lib/index.js:10864:17)
      at TypeScriptParserMixin.parseMaybeAssignAllowInOrVoidPattern (/mnt/windows/File tugas/Semester 5/lainnya/TRO/Puskesmas/frontend/node_modules/@babel/parser/lib/index.js:12567:17)
      at TypeScriptParserMixin.parseParenAndDistinguishExpression (/mnt/windows/File tugas/Semester 5/lainnya/TRO/Puskesmas/frontend/node_modules/@babel/parser/lib/index.js:11747:28)
      at TypeScriptParserMixin.parseExprAtom (/mnt/windows/File tugas/Semester 5/lainnya/TRO/Puskesmas/frontend/node_modules/@babel/parser/lib/index.js:11395:23)
      at TypeScriptParserMixin.parseExprAtom (/mnt/windows/File tugas/Semester 5/lainnya/TRO/Puskesmas/frontend/node_modules/@babel/parser/lib/index.js:4793:20)
      at TypeScriptParserMixin.parseExprSubscripts (/mnt/windows/File tugas/Semester 5/lainnya/TRO/Puskesmas/frontend/node_modules/@babel/parser/lib/index.js:11145:23)
      at TypeScriptParserMixin.parseUpdate (/mnt/windows/File tugas/Semester 5/lainnya/TRO/Puskesmas/frontend/node_modules/@babel/parser/lib/index.js:11130:21)
      at TypeScriptParserMixin.parseMaybeUnary (/mnt/windows/File tugas/Semester 5/lainnya/TRO/Puskesmas/frontend/node_modules/@babel/parser/lib/index.js:11110:23)
      at TypeScriptParserMixin.parseMaybeUnary (/mnt/windows/File tugas/Semester 5/lainnya/TRO/Puskesmas/frontend/node_modules/@babel/parser/lib/index.js:9890:18)
      at TypeScriptParserMixin.parseMaybeUnaryOrPrivate (/mnt/windows/File tugas/Semester 5/lainnya/TRO/Puskesmas/frontend/node_modules/@babel/parser/lib/index.js:10963:61)
      at TypeScriptParserMixin.parseExprOps (/mnt/windows/File tugas/Semester 5/lainnya/TRO/Puskesmas/frontend/node_modules/@babel/parser/lib/index.js:10968:23)
      at TypeScriptParserMixin.parseMaybeConditional (/mnt/windows/File tugas/Semester 5/lainnya/TRO/Puskesmas/frontend/node_modules/@babel/parser/lib/index.js:10945:23)
      at TypeScriptParserMixin.parseMaybeAssign (/mnt/windows/File tugas/Semester 5/lainnya/TRO/Puskesmas/frontend/node_modules/@babel/parser/lib/index.js:10895:21)
      at TypeScriptParserMixin.parseMaybeAssign (/mnt/windows/File tugas/Semester 5/lainnya/TRO/Puskesmas/frontend/node_modules/@babel/parser/lib/index.js:9839:20)
      at TypeScriptParserMixin.parseExpressionBase (/mnt/windows/File tugas/Semester 5/lainnya/TRO/Puskesmas/frontend/node_modules/@babel/parser/lib/index.js:10848:23)
      at /mnt/windows/File tugas/Semester 5/lainnya/TRO/Puskesmas/frontend/node_modules/@babel/parser/lib/index.js:10844:39
      at TypeScriptParserMixin.allowInAnd (/mnt/windows/File tugas/Semester 5/lainnya/TRO/Puskesmas/frontend/node_modules/@babel/parser/lib/index.js:12495:16)
      at TypeScriptParserMixin.parseExpression (/mnt/windows/File tugas/Semester 5/lainnya/TRO/Puskesmas/frontend/node_modules/@babel/parser/lib/index.js:10844:17)
      at TypeScriptParserMixin.parseReturnStatement (/mnt/windows/File tugas/Semester 5/lainnya/TRO/Puskesmas/frontend/node_modules/@babel/parser/lib/index.js:13218:28)
      at TypeScriptParserMixin.parseStatementContent (/mnt/windows/File tugas/Semester 5/lainnya/TRO/Puskesmas/frontend/node_modules/@babel/parser/lib/index.js:12874:21)
      at TypeScriptParserMixin.parseStatementContent (/mnt/windows/File tugas/Semester 5/lainnya/TRO/Puskesmas/frontend/node_modules/@babel/parser/lib/index.js:9569:18)
      at TypeScriptParserMixin.parseStatementLike (/mnt/windows/File tugas/Semester 5/lainnya/TRO/Puskesmas/frontend/node_modules/@babel/parser/lib/index.js:12843:17)
      at TypeScriptParserMixin.parseStatementListItem (/mnt/windows/File tugas/Semester 5/lainnya/TRO/Puskesmas/frontend/node_modules/@babel/parser/lib/index.js:12823:17)
9:43:16 PM [vite] hmr update /src/pages/Transaksi/TransaksiDetail.tsx
9:43:16 PM [vite] Pre-transform error: /mnt/windows/File tugas/Semester 5/lainnya/TRO/Puskesmas/frontend/src/pages/Transaksi/TransaksiList.tsx: Unterminated JSX contents. (338:10)

  336 |         </div>
  337 |       </div>
> 338 |     </div>
      |           ^
  339 |   );
  340 | };
  341 |
9:43:16 PM [vite] Internal server error: /mnt/windows/File tugas/Semester 5/lainnya/TRO/Puskesmas/frontend/src/pages/Transaksi/TransaksiList.tsx: Unterminated JSX contents. (338:10)

  336 |         </div>
  337 |       </div>
> 338 |     </div>
      |           ^
  339 |   );
  340 | };
  341 |
  Plugin: vite:react-babel
  File: /mnt/windows/File tugas/Semester 5/lainnya/TRO/Puskesmas/frontend/src/pages/Transaksi/TransaksiList.tsx:338:10
  336|          </div>
  337|        </div>
  338|      </div>
     |            ^
  339|    );
  340|  };
      at constructor (/mnt/windows/File tugas/Semester 5/lainnya/TRO/Puskesmas/frontend/node_modules/@babel/parser/lib/index.js:367:19)
      at TypeScriptParserMixin.raise (/mnt/windows/File tugas/Semester 5/lainnya/TRO/Puskesmas/frontend/node_modules/@babel/parser/lib/index.js:6624:19)
      at TypeScriptParserMixin.jsxReadToken (/mnt/windows/File tugas/Semester 5/lainnya/TRO/Puskesmas/frontend/node_modules/@babel/parser/lib/index.js:4477:20)
      at TypeScriptParserMixin.getTokenFromCode (/mnt/windows/File tugas/Semester 5/lainnya/TRO/Puskesmas/frontend/node_modules/@babel/parser/lib/index.js:4803:12)
      at TypeScriptParserMixin.getTokenFromCode (/mnt/windows/File tugas/Semester 5/lainnya/TRO/Puskesmas/frontend/node_modules/@babel/parser/lib/index.js:10042:11)
      at TypeScriptParserMixin.nextToken (/mnt/windows/File tugas/Semester 5/lainnya/TRO/Puskesmas/frontend/node_modules/@babel/parser/lib/index.js:5807:10)
      at TypeScriptParserMixin.next (/mnt/windows/File tugas/Semester 5/lainnya/TRO/Puskesmas/frontend/node_modules/@babel/parser/lib/index.js:5717:10)
      at TypeScriptParserMixin.eat (/mnt/windows/File tugas/Semester 5/lainnya/TRO/Puskesmas/frontend/node_modules/@babel/parser/lib/index.js:5721:12)
      at TypeScriptParserMixin.expect (/mnt/windows/File tugas/Semester 5/lainnya/TRO/Puskesmas/frontend/node_modules/@babel/parser/lib/index.js:6923:15)
      at TypeScriptParserMixin.jsxParseClosingElementAt (/mnt/windows/File tugas/Semester 5/lainnya/TRO/Puskesmas/frontend/node_modules/@babel/parser/lib/index.js:4709:10)
      at TypeScriptParserMixin.jsxParseElementAt (/mnt/windows/File tugas/Semester 5/lainnya/TRO/Puskesmas/frontend/node_modules/@babel/parser/lib/index.js:4724:37)
      at TypeScriptParserMixin.jsxParseElementAt (/mnt/windows/File tugas/Semester 5/lainnya/TRO/Puskesmas/frontend/node_modules/@babel/parser/lib/index.js:4727:32)
      at TypeScriptParserMixin.jsxParseElement (/mnt/windows/File tugas/Semester 5/lainnya/TRO/Puskesmas/frontend/node_modules/@babel/parser/lib/index.js:4778:17)
      at TypeScriptParserMixin.parseExprAtom (/mnt/windows/File tugas/Semester 5/lainnya/TRO/Puskesmas/frontend/node_modules/@babel/parser/lib/index.js:4788:19)
      at TypeScriptParserMixin.parseExprSubscripts (/mnt/windows/File tugas/Semester 5/lainnya/TRO/Puskesmas/frontend/node_modules/@babel/parser/lib/index.js:11145:23)
      at TypeScriptParserMixin.parseUpdate (/mnt/windows/File tugas/Semester 5/lainnya/TRO/Puskesmas/frontend/node_modules/@babel/parser/lib/index.js:11130:21)
      at TypeScriptParserMixin.parseMaybeUnary (/mnt/windows/File tugas/Semester 5/lainnya/TRO/Puskesmas/frontend/node_modules/@babel/parser/lib/index.js:11110:23)
      at TypeScriptParserMixin.parseMaybeUnary (/mnt/windows/File tugas/Semester 5/lainnya/TRO/Puskesmas/frontend/node_modules/@babel/parser/lib/index.js:9890:18)
      at TypeScriptParserMixin.parseMaybeUnaryOrPrivate (/mnt/windows/File tugas/Semester 5/lainnya/TRO/Puskesmas/frontend/node_modules/@babel/parser/lib/index.js:10963:61)
      at TypeScriptParserMixin.parseExprOps (/mnt/windows/File tugas/Semester 5/lainnya/TRO/Puskesmas/frontend/node_modules/@babel/parser/lib/index.js:10968:23)
      at TypeScriptParserMixin.parseMaybeConditional (/mnt/windows/File tugas/Semester 5/lainnya/TRO/Puskesmas/frontend/node_modules/@babel/parser/lib/index.js:10945:23)
      at TypeScriptParserMixin.parseMaybeAssign (/mnt/windows/File tugas/Semester 5/lainnya/TRO/Puskesmas/frontend/node_modules/@babel/parser/lib/index.js:10895:21)
      at /mnt/windows/File tugas/Semester 5/lainnya/TRO/Puskesmas/frontend/node_modules/@babel/parser/lib/index.js:9828:39
      at TypeScriptParserMixin.tryParse (/mnt/windows/File tugas/Semester 5/lainnya/TRO/Puskesmas/frontend/node_modules/@babel/parser/lib/index.js:6932:20)
      at TypeScriptParserMixin.parseMaybeAssign (/mnt/windows/File tugas/Semester 5/lainnya/TRO/Puskesmas/frontend/node_modules/@babel/parser/lib/index.js:9828:18)
      at /mnt/windows/File tugas/Semester 5/lainnya/TRO/Puskesmas/frontend/node_modules/@babel/parser/lib/index.js:10864:39
      at TypeScriptParserMixin.allowInAnd (/mnt/windows/File tugas/Semester 5/lainnya/TRO/Puskesmas/frontend/node_modules/@babel/parser/lib/index.js:12500:12)
      at TypeScriptParserMixin.parseMaybeAssignAllowIn (/mnt/windows/File tugas/Semester 5/lainnya/TRO/Puskesmas/frontend/node_modules/@babel/parser/lib/index.js:10864:17)
      at TypeScriptParserMixin.parseMaybeAssignAllowInOrVoidPattern (/mnt/windows/File tugas/Semester 5/lainnya/TRO/Puskesmas/frontend/node_modules/@babel/parser/lib/index.js:12567:17)
      at TypeScriptParserMixin.parseParenAndDistinguishExpression (/mnt/windows/File tugas/Semester 5/lainnya/TRO/Puskesmas/frontend/node_modules/@babel/parser/lib/index.js:11747:28)
      at TypeScriptParserMixin.parseExprAtom (/mnt/windows/File tugas/Semester 5/lainnya/TRO/Puskesmas/frontend/node_modules/@babel/parser/lib/index.js:11395:23)
      at TypeScriptParserMixin.parseExprAtom (/mnt/windows/File tugas/Semester 5/lainnya/TRO/Puskesmas/frontend/node_modules/@babel/parser/lib/index.js:4793:20)
      at TypeScriptParserMixin.parseExprSubscripts (/mnt/windows/File tugas/Semester 5/lainnya/TRO/Puskesmas/frontend/node_modules/@babel/parser/lib/index.js:11145:23)
      at TypeScriptParserMixin.parseUpdate (/mnt/windows/File tugas/Semester 5/lainnya/TRO/Puskesmas/frontend/node_modules/@babel/parser/lib/index.js:11130:21)
      at TypeScriptParserMixin.parseMaybeUnary (/mnt/windows/File tugas/Semester 5/lainnya/TRO/Puskesmas/frontend/node_modules/@babel/parser/lib/index.js:11110:23)
      at TypeScriptParserMixin.parseMaybeUnary (/mnt/windows/File tugas/Semester 5/lainnya/TRO/Puskesmas/frontend/node_modules/@babel/parser/lib/index.js:9890:18)
      at TypeScriptParserMixin.parseMaybeUnaryOrPrivate (/mnt/windows/File tugas/Semester 5/lainnya/TRO/Puskesmas/frontend/node_modules/@babel/parser/lib/index.js:10963:61)
      at TypeScriptParserMixin.parseExprOps (/mnt/windows/File tugas/Semester 5/lainnya/TRO/Puskesmas/frontend/node_modules/@babel/parser/lib/index.js:10968:23)
      at TypeScriptParserMixin.parseMaybeConditional (/mnt/windows/File tugas/Semester 5/lainnya/TRO/Puskesmas/frontend/node_modules/@babel/parser/lib/index.js:10945:23)
      at TypeScriptParserMixin.parseMaybeAssign (/mnt/windows/File tugas/Semester 5/lainnya/TRO/Puskesmas/frontend/node_modules/@babel/parser/lib/index.js:10895:21)
      at TypeScriptParserMixin.parseMaybeAssign (/mnt/windows/File tugas/Semester 5/lainnya/TRO/Puskesmas/frontend/node_modules/@babel/parser/lib/index.js:9839:20)
      at TypeScriptParserMixin.parseExpressionBase (/mnt/windows/File tugas/Semester 5/lainnya/TRO/Puskesmas/frontend/node_modules/@babel/parser/lib/index.js:10848:23)
      at /mnt/windows/File tugas/Semester 5/lainnya/TRO/Puskesmas/frontend/node_modules/@babel/parser/lib/index.js:10844:39
      at TypeScriptParserMixin.allowInAnd (/mnt/windows/File tugas/Semester 5/lainnya/TRO/Puskesmas/frontend/node_modules/@babel/parser/lib/index.js:12495:16)
      at TypeScriptParserMixin.parseExpression (/mnt/windows/File tugas/Semester 5/lainnya/TRO/Puskesmas/frontend/node_modules/@babel/parser/lib/index.js:10844:17)
      at TypeScriptParserMixin.parseReturnStatement (/mnt/windows/File tugas/Semester 5/lainnya/TRO/Puskesmas/frontend/node_modules/@babel/parser/lib/index.js:13218:28)
      at TypeScriptParserMixin.parseStatementContent (/mnt/windows/File tugas/Semester 5/lainnya/TRO/Puskesmas/frontend/node_modules/@babel/parser/lib/index.js:12874:21)
      at TypeScriptParserMixin.parseStatementContent (/mnt/windows/File tugas/Semester 5/lainnya/TRO/Puskesmas/frontend/node_modules/@babel/parser/lib/index.js:9569:18)
      at TypeScriptParserMixin.parseStatementLike (/mnt/windows/File tugas/Semester 5/lainnya/TRO/Puskesmas/frontend/node_modules/@babel/parser/lib/index.js:12843:17)
      at TypeScriptParserMixin.parseStatementListItem (/mnt/windows/File tugas/Semester 5/lainnya/TRO/Puskesmas/frontend/node_modules/@babel/parser/lib/index.js:12823:17)
9:43:16 PM [vite] hmr update /src/pages/Transaksi/TransaksiDetail.tsx
9:43:16 PM [vite] Pre-transform error: /mnt/windows/File tugas/Semester 5/lainnya/TRO/Puskesmas/frontend/src/pages/Transaksi/TransaksiList.tsx: Unterminated JSX contents. (338:10)

  336 |         </div>
  337 |       </div>
> 338 |     </div>
      |           ^
  339 |   );
  340 | };
  341 |
9:43:16 PM [vite] Internal server error: /mnt/windows/File tugas/Semester 5/lainnya/TRO/Puskesmas/frontend/src/pages/Transaksi/TransaksiList.tsx: Unterminated JSX contents. (338:10)

  336 |         </div>
  337 |       </div>
> 338 |     </div>
      |           ^
  339 |   );
  340 | };
  341 |
  Plugin: vite:react-babel
  File: /mnt/windows/File tugas/Semester 5/lainnya/TRO/Puskesmas/frontend/src/pages/Transaksi/TransaksiList.tsx:338:10
  336|          </div>
  337|        </div>
  338|      </div>
     |            ^
  339|    );
  340|  };
      at constructor (/mnt/windows/File tugas/Semester 5/lainnya/TRO/Puskesmas/frontend/node_modules/@babel/parser/lib/index.js:367:19)
      at TypeScriptParserMixin.raise (/mnt/windows/File tugas/Semester 5/lainnya/TRO/Puskesmas/frontend/node_modules/@babel/parser/lib/index.js:6624:19)
      at TypeScriptParserMixin.jsxReadToken (/mnt/windows/File tugas/Semester 5/lainnya/TRO/Puskesmas/frontend/node_modules/@babel/parser/lib/index.js:4477:20)
      at TypeScriptParserMixin.getTokenFromCode (/mnt/windows/File tugas/Semester 5/lainnya/TRO/Puskesmas/frontend/node_modules/@babel/parser/lib/index.js:4803:12)
      at TypeScriptParserMixin.getTokenFromCode (/mnt/windows/File tugas/Semester 5/lainnya/TRO/Puskesmas/frontend/node_modules/@babel/parser/lib/index.js:10042:11)
      at TypeScriptParserMixin.nextToken (/mnt/windows/File tugas/Semester 5/lainnya/TRO/Puskesmas/frontend/node_modules/@babel/parser/lib/index.js:5807:10)
      at TypeScriptParserMixin.next (/mnt/windows/File tugas/Semester 5/lainnya/TRO/Puskesmas/frontend/node_modules/@babel/parser/lib/index.js:5717:10)
      at TypeScriptParserMixin.eat (/mnt/windows/File tugas/Semester 5/lainnya/TRO/Puskesmas/frontend/node_modules/@babel/parser/lib/index.js:5721:12)
      at TypeScriptParserMixin.expect (/mnt/windows/File tugas/Semester 5/lainnya/TRO/Puskesmas/frontend/node_modules/@babel/parser/lib/index.js:6923:15)
      at TypeScriptParserMixin.jsxParseClosingElementAt (/mnt/windows/File tugas/Semester 5/lainnya/TRO/Puskesmas/frontend/node_modules/@babel/parser/lib/index.js:4709:10)
      at TypeScriptParserMixin.jsxParseElementAt (/mnt/windows/File tugas/Semester 5/lainnya/TRO/Puskesmas/frontend/node_modules/@babel/parser/lib/index.js:4724:37)
      at TypeScriptParserMixin.jsxParseElementAt (/mnt/windows/File tugas/Semester 5/lainnya/TRO/Puskesmas/frontend/node_modules/@babel/parser/lib/index.js:4727:32)
      at TypeScriptParserMixin.jsxParseElement (/mnt/windows/File tugas/Semester 5/lainnya/TRO/Puskesmas/frontend/node_modules/@babel/parser/lib/index.js:4778:17)
      at TypeScriptParserMixin.parseExprAtom (/mnt/windows/File tugas/Semester 5/lainnya/TRO/Puskesmas/frontend/node_modules/@babel/parser/lib/index.js:4788:19)
      at TypeScriptParserMixin.parseExprSubscripts (/mnt/windows/File tugas/Semester 5/lainnya/TRO/Puskesmas/frontend/node_modules/@babel/parser/lib/index.js:11145:23)
      at TypeScriptParserMixin.parseUpdate (/mnt/windows/File tugas/Semester 5/lainnya/TRO/Puskesmas/frontend/node_modules/@babel/parser/lib/index.js:11130:21)
      at TypeScriptParserMixin.parseMaybeUnary (/mnt/windows/File tugas/Semester 5/lainnya/TRO/Puskesmas/frontend/node_modules/@babel/parser/lib/index.js:11110:23)
      at TypeScriptParserMixin.parseMaybeUnary (/mnt/windows/File tugas/Semester 5/lainnya/TRO/Puskesmas/frontend/node_modules/@babel/parser/lib/index.js:9890:18)
      at TypeScriptParserMixin.parseMaybeUnaryOrPrivate (/mnt/windows/File tugas/Semester 5/lainnya/TRO/Puskesmas/frontend/node_modules/@babel/parser/lib/index.js:10963:61)
      at TypeScriptParserMixin.parseExprOps (/mnt/windows/File tugas/Semester 5/lainnya/TRO/Puskesmas/frontend/node_modules/@babel/parser/lib/index.js:10968:23)
      at TypeScriptParserMixin.parseMaybeConditional (/mnt/windows/File tugas/Semester 5/lainnya/TRO/Puskesmas/frontend/node_modules/@babel/parser/lib/index.js:10945:23)
      at TypeScriptParserMixin.parseMaybeAssign (/mnt/windows/File tugas/Semester 5/lainnya/TRO/Puskesmas/frontend/node_modules/@babel/parser/lib/index.js:10895:21)
      at /mnt/windows/File tugas/Semester 5/lainnya/TRO/Puskesmas/frontend/node_modules/@babel/parser/lib/index.js:9828:39
      at TypeScriptParserMixin.tryParse (/mnt/windows/File tugas/Semester 5/lainnya/TRO/Puskesmas/frontend/node_modules/@babel/parser/lib/index.js:6932:20)
      at TypeScriptParserMixin.parseMaybeAssign (/mnt/windows/File tugas/Semester 5/lainnya/TRO/Puskesmas/frontend/node_modules/@babel/parser/lib/index.js:9828:18)
      at /mnt/windows/File tugas/Semester 5/lainnya/TRO/Puskesmas/frontend/node_modules/@babel/parser/lib/index.js:10864:39
      at TypeScriptParserMixin.allowInAnd (/mnt/windows/File tugas/Semester 5/lainnya/TRO/Puskesmas/frontend/node_modules/@babel/parser/lib/index.js:12500:12)
      at TypeScriptParserMixin.parseMaybeAssignAllowIn (/mnt/windows/File tugas/Semester 5/lainnya/TRO/Puskesmas/frontend/node_modules/@babel/parser/lib/index.js:10864:17)
      at TypeScriptParserMixin.parseMaybeAssignAllowInOrVoidPattern (/mnt/windows/File tugas/Semester 5/lainnya/TRO/Puskesmas/frontend/node_modules/@babel/parser/lib/index.js:12567:17)
      at TypeScriptParserMixin.parseParenAndDistinguishExpression (/mnt/windows/File tugas/Semester 5/lainnya/TRO/Puskesmas/frontend/node_modules/@babel/parser/lib/index.js:11747:28)
      at TypeScriptParserMixin.parseExprAtom (/mnt/windows/File tugas/Semester 5/lainnya/TRO/Puskesmas/frontend/node_modules/@babel/parser/lib/index.js:11395:23)
      at TypeScriptParserMixin.parseExprAtom (/mnt/windows/File tugas/Semester 5/lainnya/TRO/Puskesmas/frontend/node_modules/@babel/parser/lib/index.js:4793:20)
      at TypeScriptParserMixin.parseExprSubscripts (/mnt/windows/File tugas/Semester 5/lainnya/TRO/Puskesmas/frontend/node_modules/@babel/parser/lib/index.js:11145:23)
      at TypeScriptParserMixin.parseUpdate (/mnt/windows/File tugas/Semester 5/lainnya/TRO/Puskesmas/frontend/node_modules/@babel/parser/lib/index.js:11130:21)
      at TypeScriptParserMixin.parseMaybeUnary (/mnt/windows/File tugas/Semester 5/lainnya/TRO/Puskesmas/frontend/node_modules/@babel/parser/lib/index.js:11110:23)
      at TypeScriptParserMixin.parseMaybeUnary (/mnt/windows/File tugas/Semester 5/lainnya/TRO/Puskesmas/frontend/node_modules/@babel/parser/lib/index.js:9890:18)
      at TypeScriptParserMixin.parseMaybeUnaryOrPrivate (/mnt/windows/File tugas/Semester 5/lainnya/TRO/Puskesmas/frontend/node_modules/@babel/parser/lib/index.js:10963:61)
      at TypeScriptParserMixin.parseExprOps (/mnt/windows/File tugas/Semester 5/lainnya/TRO/Puskesmas/frontend/node_modules/@babel/parser/lib/index.js:10968:23)
      at TypeScriptParserMixin.parseMaybeConditional (/mnt/windows/File tugas/Semester 5/lainnya/TRO/Puskesmas/frontend/node_modules/@babel/parser/lib/index.js:10945:23)
      at TypeScriptParserMixin.parseMaybeAssign (/mnt/windows/File tugas/Semester 5/lainnya/TRO/Puskesmas/frontend/node_modules/@babel/parser/lib/index.js:10895:21)
      at TypeScriptParserMixin.parseMaybeAssign (/mnt/windows/File tugas/Semester 5/lainnya/TRO/Puskesmas/frontend/node_modules/@babel/parser/lib/index.js:9839:20)
      at TypeScriptParserMixin.parseExpressionBase (/mnt/windows/File tugas/Semester 5/lainnya/TRO/Puskesmas/frontend/node_modules/@babel/parser/lib/index.js:10848:23)
      at /mnt/windows/File tugas/Semester 5/lainnya/TRO/Puskesmas/frontend/node_modules/@babel/parser/lib/index.js:10844:39
      at TypeScriptParserMixin.allowInAnd (/mnt/windows/File tugas/Semester 5/lainnya/TRO/Puskesmas/frontend/node_modules/@babel/parser/lib/index.js:12495:16)
      at TypeScriptParserMixin.parseExpression (/mnt/windows/File tugas/Semester 5/lainnya/TRO/Puskesmas/frontend/node_modules/@babel/parser/lib/index.js:10844:17)
      at TypeScriptParserMixin.parseReturnStatement (/mnt/windows/File tugas/Semester 5/lainnya/TRO/Puskesmas/frontend/node_modules/@babel/parser/lib/index.js:13218:28)
      at TypeScriptParserMixin.parseStatementContent (/mnt/windows/File tugas/Semester 5/lainnya/TRO/Puskesmas/frontend/node_modules/@babel/parser/lib/index.js:12874:21)
      at TypeScriptParserMixin.parseStatementContent (/mnt/windows/File tugas/Semester 5/lainnya/TRO/Puskesmas/frontend/node_modules/@babel/parser/lib/index.js:9569:18)
      at TypeScriptParserMixin.parseStatementLike (/mnt/windows/File tugas/Semester 5/lainnya/TRO/Puskesmas/frontend/node_modules/@babel/parser/lib/index.js:12843:17)
      at TypeScriptParserMixin.parseStatementListItem (/mnt/windows/File tugas/Semester 5/lainnya/TRO/Puskesmas/frontend/node_modules/@babel/parser/lib/index.js:12823:17)
